Failed to run 'pdflatex' to create pdf to preview.


Errors:
/home/schlowmo/.config/sublime-text-3/Cache/LaTeXTools/internal/preview_math/45afd66e1baae206b0cb144a02227e87.tex:17: Argument of \end has an extra }. [    \end]
/home/schlowmo/.config/sublime-text-3/Cache/LaTeXTools/internal/preview_math/45afd66e1baae206b0cb144a02227e87.tex:17: Paragraph ended before \end was complete. [    \end]
/home/schlowmo/.config/sublime-text-3/Cache/LaTeXTools/internal/preview_math/45afd66e1baae206b0cb144a02227e87.tex:18: You can't use `\eqno' in math mode. [\end{equation}]
/home/schlowmo/.config/sublime-text-3/Cache/LaTeXTools/internal/preview_math/45afd66e1baae206b0cb144a02227e87.tex:18: Missing } inserted. [\end{equation}]
/home/schlowmo/.config/sublime-text-3/Cache/LaTeXTools/internal/preview_math/45afd66e1baae206b0cb144a02227e87.tex:18: LaTeX Error: \begin{cases} on input line 15 ended by \end{equation}. [\end{equation}]
/home/schlowmo/.config/sublime-text-3/Cache/LaTeXTools/internal/preview_math/45afd66e1baae206b0cb144a02227e87.tex:18: Missing $ inserted. [\end{equation}]
/home/schlowmo/.config/sublime-text-3/Cache/LaTeXTools/internal/preview_math/45afd66e1baae206b0cb144a02227e87.tex:18: Missing } inserted. [\end{equation}]
/home/schlowmo/.config/sublime-text-3/Cache/LaTeXTools/internal/preview_math/45afd66e1baae206b0cb144a02227e87.tex:18: Missing \cr inserted. [\end{equation}]
/home/schlowmo/.config/sublime-text-3/Cache/LaTeXTools/internal/preview_math/45afd66e1baae206b0cb144a02227e87.tex:18: Missing } inserted. [\end{equation}]
/home/schlowmo/.config/sublime-text-3/Cache/LaTeXTools/internal/preview_math/45afd66e1baae206b0cb144a02227e87.tex:18: Missing \cr inserted. [\end{equation}]
/home/schlowmo/.config/sublime-text-3/Cache/LaTeXTools/internal/preview_math/45afd66e1baae206b0cb144a02227e87.tex:18: Missing } inserted. [\end{equation}]
/home/schlowmo/.config/sublime-text-3/Cache/LaTeXTools/internal/preview_math/45afd66e1baae206b0cb144a02227e87.tex:18: Missing \cr inserted. [\end{equation}]
/home/schlowmo/.config/sublime-text-3/Cache/LaTeXTools/internal/preview_math/45afd66e1baae206b0cb144a02227e87.tex:18: Missing } inserted. [\end{equation}]
/home/schlowmo/.config/sublime-text-3/Cache/LaTeXTools/internal/preview_math/45afd66e1baae206b0cb144a02227e87.tex:18: Missing \cr inserted. [\end{equation}]
/home/schlowmo/.config/sublime-text-3/Cache/LaTeXTools/internal/preview_math/45afd66e1baae206b0cb144a02227e87.tex:18: Missing } inserted. [\end{equation}]
/home/schlowmo/.config/sublime-text-3/Cache/LaTeXTools/internal/preview_math/45afd66e1baae206b0cb144a02227e87.tex:18: Missing \cr inserted. [\end{equation}]
/home/schlowmo/.config/sublime-text-3/Cache/LaTeXTools/internal/preview_math/45afd66e1baae206b0cb144a02227e87.tex:18: Missing } inserted. [\end{equation}]
/home/schlowmo/.config/sublime-text-3/Cache/LaTeXTools/internal/preview_math/45afd66e1baae206b0cb144a02227e87.tex:18: Missing \cr inserted. [\end{equation}]
/home/schlowmo/.config/sublime-text-3/Cache/LaTeXTools/internal/preview_math/45afd66e1baae206b0cb144a02227e87.tex:18: Missing } inserted. [\end{equation}]
/home/schlowmo/.config/sublime-text-3/Cache/LaTeXTools/internal/preview_math/45afd66e1baae206b0cb144a02227e87.tex:18: Missing \cr inserted. [\end{equation}]
/home/schlowmo/.config/sublime-text-3/Cache/LaTeXTools/internal/preview_math/45afd66e1baae206b0cb144a02227e87.tex:18: Missing } inserted. [\end{equation}]
/home/schlowmo/.config/sublime-text-3/Cache/LaTeXTools/internal/preview_math/45afd66e1baae206b0cb144a02227e87.tex:18: Missing \cr inserted. [\end{equation}]
/home/schlowmo/.config/sublime-text-3/Cache/LaTeXTools/internal/preview_math/45afd66e1baae206b0cb144a02227e87.tex:18: Missing } inserted. [\end{equation}]
/home/schlowmo/.config/sublime-text-3/Cache/LaTeXTools/internal/preview_math/45afd66e1baae206b0cb144a02227e87.tex:18: Missing \cr inserted. [\end{equation}]
/home/schlowmo/.config/sublime-text-3/Cache/LaTeXTools/internal/preview_math/45afd66e1baae206b0cb144a02227e87.tex:18: Missing } inserted. [\end{equation}]
/home/schlowmo/.config/sublime-text-3/Cache/LaTeXTools/internal/preview_math/45afd66e1baae206b0cb144a02227e87.tex:18: Missing \cr inserted. [\end{equation}]
/home/schlowmo/.config/sublime-text-3/Cache/LaTeXTools/internal/preview_math/45afd66e1baae206b0cb144a02227e87.tex:18: Missing } inserted. [\end{equation}]
/home/schlowmo/.config/sublime-text-3/Cache/LaTeXTools/internal/preview_math/45afd66e1baae206b0cb144a02227e87.tex:18: Missing \cr inserted. [\end{equation}]
/home/schlowmo/.config/sublime-text-3/Cache/LaTeXTools/internal/preview_math/45afd66e1baae206b0cb144a02227e87.tex:18: Missing } inserted. [\end{equation}]
/home/schlowmo/.config/sublime-text-3/Cache/LaTeXTools/internal/preview_math/45afd66e1baae206b0cb144a02227e87.tex:18: Missing \cr inserted. [\end{equation}]
/home/schlowmo/.config/sublime-text-3/Cache/LaTeXTools/internal/preview_math/45afd66e1baae206b0cb144a02227e87.tex:18: Missing } inserted. [\end{equation}]
/home/schlowmo/.config/sublime-text-3/Cache/LaTeXTools/internal/preview_math/45afd66e1baae206b0cb144a02227e87.tex:18: Missing \cr inserted. [\end{equation}]
/home/schlowmo/.config/sublime-text-3/Cache/LaTeXTools/internal/preview_math/45afd66e1baae206b0cb144a02227e87.tex:18: Missing } inserted. [\end{equation}]
/home/schlowmo/.config/sublime-text-3/Cache/LaTeXTools/internal/preview_math/45afd66e1baae206b0cb144a02227e87.tex:18: Missing \cr inserted. [\end{equation}]
/home/schlowmo/.config/sublime-text-3/Cache/LaTeXTools/internal/preview_math/45afd66e1baae206b0cb144a02227e87.tex:18: Missing } inserted. [\end{equation}]
/home/schlowmo/.config/sublime-text-3/Cache/LaTeXTools/internal/preview_math/45afd66e1baae206b0cb144a02227e87.tex:18: Missing \cr inserted. [\end{equation}]
/home/schlowmo/.config/sublime-text-3/Cache/LaTeXTools/internal/preview_math/45afd66e1baae206b0cb144a02227e87.tex:18: Missing } inserted. [\end{equation}]
/home/schlowmo/.config/sublime-text-3/Cache/LaTeXTools/internal/preview_math/45afd66e1baae206b0cb144a02227e87.tex:18: Missing \cr inserted. [\end{equation}]
/home/schlowmo/.config/sublime-text-3/Cache/LaTeXTools/internal/preview_math/45afd66e1baae206b0cb144a02227e87.tex:18: Missing } inserted. [\end{equation}]
/home/schlowmo/.config/sublime-text-3/Cache/LaTeXTools/internal/preview_math/45afd66e1baae206b0cb144a02227e87.tex:18: Missing \cr inserted. [\end{equation}]
/home/schlowmo/.config/sublime-text-3/Cache/LaTeXTools/internal/preview_math/45afd66e1baae206b0cb144a02227e87.tex:18: Missing } inserted. [\end{equation}]
/home/schlowmo/.config/sublime-text-3/Cache/LaTeXTools/internal/preview_math/45afd66e1baae206b0cb144a02227e87.tex:18: Missing \cr inserted. [\end{equation}]
/home/schlowmo/.config/sublime-text-3/Cache/LaTeXTools/internal/preview_math/45afd66e1baae206b0cb144a02227e87.tex:18: Missing } inserted. [\end{equation}]
/home/schlowmo/.config/sublime-text-3/Cache/LaTeXTools/internal/preview_math/45afd66e1baae206b0cb144a02227e87.tex:18: Missing \cr inserted. [\end{equation}]
/home/schlowmo/.config/sublime-text-3/Cache/LaTeXTools/internal/preview_math/45afd66e1baae206b0cb144a02227e87.tex:18: Missing } inserted. [\end{equation}]
/home/schlowmo/.config/sublime-text-3/Cache/LaTeXTools/internal/preview_math/45afd66e1baae206b0cb144a02227e87.tex:18: Missing \cr inserted. [\end{equation}]
/home/schlowmo/.config/sublime-text-3/Cache/LaTeXTools/internal/preview_math/45afd66e1baae206b0cb144a02227e87.tex:18: Missing } inserted. [\end{equation}]
/home/schlowmo/.config/sublime-text-3/Cache/LaTeXTools/internal/preview_math/45afd66e1baae206b0cb144a02227e87.tex:18: Missing \cr inserted. [\end{equation}]
/home/schlowmo/.config/sublime-text-3/Cache/LaTeXTools/internal/preview_math/45afd66e1baae206b0cb144a02227e87.tex:18: Missing } inserted. [\end{equation}]
/home/schlowmo/.config/sublime-text-3/Cache/LaTeXTools/internal/preview_math/45afd66e1baae206b0cb144a02227e87.tex:18: Missing \cr inserted. [\end{equation}]
/home/schlowmo/.config/sublime-text-3/Cache/LaTeXTools/internal/preview_math/45afd66e1baae206b0cb144a02227e87.tex:18: Missing } inserted. [\end{equation}]
/home/schlowmo/.config/sublime-text-3/Cache/LaTeXTools/internal/preview_math/45afd66e1baae206b0cb144a02227e87.tex:18: Missing \cr inserted. [\end{equation}]
/home/schlowmo/.config/sublime-text-3/Cache/LaTeXTools/internal/preview_math/45afd66e1baae206b0cb144a02227e87.tex:18: Missing } inserted. [\end{equation}]
/home/schlowmo/.config/sublime-text-3/Cache/LaTeXTools/internal/preview_math/45afd66e1baae206b0cb144a02227e87.tex:18: Missing \cr inserted. [\end{equation}]
/home/schlowmo/.config/sublime-text-3/Cache/LaTeXTools/internal/preview_math/45afd66e1baae206b0cb144a02227e87.tex:18: Missing } inserted. [\end{equation}]
/home/schlowmo/.config/sublime-text-3/Cache/LaTeXTools/internal/preview_math/45afd66e1baae206b0cb144a02227e87.tex:18: Missing \cr inserted. [\end{equation}]
/home/schlowmo/.config/sublime-text-3/Cache/LaTeXTools/internal/preview_math/45afd66e1baae206b0cb144a02227e87.tex:18: Missing } inserted. [\end{equation}]
/home/schlowmo/.config/sublime-text-3/Cache/LaTeXTools/internal/preview_math/45afd66e1baae206b0cb144a02227e87.tex:18: Missing \cr inserted. [\end{equation}]
/home/schlowmo/.config/sublime-text-3/Cache/LaTeXTools/internal/preview_math/45afd66e1baae206b0cb144a02227e87.tex:18: Missing } inserted. [\end{equation}]
/home/schlowmo/.config/sublime-text-3/Cache/LaTeXTools/internal/preview_math/45afd66e1baae206b0cb144a02227e87.tex:18: Missing \cr inserted. [\end{equation}]
/home/schlowmo/.config/sublime-text-3/Cache/LaTeXTools/internal/preview_math/45afd66e1baae206b0cb144a02227e87.tex:18: Missing } inserted. [\end{equation}]
/home/schlowmo/.config/sublime-text-3/Cache/LaTeXTools/internal/preview_math/45afd66e1baae206b0cb144a02227e87.tex:18: Missing \cr inserted. [\end{equation}]
/home/schlowmo/.config/sublime-text-3/Cache/LaTeXTools/internal/preview_math/45afd66e1baae206b0cb144a02227e87.tex:18: Missing } inserted. [\end{equation}]
/home/schlowmo/.config/sublime-text-3/Cache/LaTeXTools/internal/preview_math/45afd66e1baae206b0cb144a02227e87.tex:18: Missing \cr inserted. [\end{equation}]
/home/schlowmo/.config/sublime-text-3/Cache/LaTeXTools/internal/preview_math/45afd66e1baae206b0cb144a02227e87.tex:18: Missing } inserted. [\end{equation}]
/home/schlowmo/.config/sublime-text-3/Cache/LaTeXTools/internal/preview_math/45afd66e1baae206b0cb144a02227e87.tex:18: Missing \cr inserted. [\end{equation}]
/home/schlowmo/.config/sublime-text-3/Cache/LaTeXTools/internal/preview_math/45afd66e1baae206b0cb144a02227e87.tex:18: Missing } inserted. [\end{equation}]
/home/schlowmo/.config/sublime-text-3/Cache/LaTeXTools/internal/preview_math/45afd66e1baae206b0cb144a02227e87.tex:18: Missing \cr inserted. [\end{equation}]
/home/schlowmo/.config/sublime-text-3/Cache/LaTeXTools/internal/preview_math/45afd66e1baae206b0cb144a02227e87.tex:18: Missing } inserted. [\end{equation}]
/home/schlowmo/.config/sublime-text-3/Cache/LaTeXTools/internal/preview_math/45afd66e1baae206b0cb144a02227e87.tex:18: Missing \cr inserted. [\end{equation}]
/home/schlowmo/.config/sublime-text-3/Cache/LaTeXTools/internal/preview_math/45afd66e1baae206b0cb144a02227e87.tex:18: Missing } inserted. [\end{equation}]
/home/schlowmo/.config/sublime-text-3/Cache/LaTeXTools/internal/preview_math/45afd66e1baae206b0cb144a02227e87.tex:18: Missing \cr inserted. [\end{equation}]
/home/schlowmo/.config/sublime-text-3/Cache/LaTeXTools/internal/preview_math/45afd66e1baae206b0cb144a02227e87.tex:18: Missing } inserted. [\end{equation}]
/home/schlowmo/.config/sublime-text-3/Cache/LaTeXTools/internal/preview_math/45afd66e1baae206b0cb144a02227e87.tex:18: Missing \cr inserted. [\end{equation}]
/home/schlowmo/.config/sublime-text-3/Cache/LaTeXTools/internal/preview_math/45afd66e1baae206b0cb144a02227e87.tex:18: Missing } inserted. [\end{equation}]
/home/schlowmo/.config/sublime-text-3/Cache/LaTeXTools/internal/preview_math/45afd66e1baae206b0cb144a02227e87.tex:18: Missing \cr inserted. [\end{equation}]
/home/schlowmo/.config/sublime-text-3/Cache/LaTeXTools/internal/preview_math/45afd66e1baae206b0cb144a02227e87.tex:18: Missing } inserted. [\end{equation}]
/home/schlowmo/.config/sublime-text-3/Cache/LaTeXTools/internal/preview_math/45afd66e1baae206b0cb144a02227e87.tex:18: Missing \cr inserted. [\end{equation}]
/home/schlowmo/.config/sublime-text-3/Cache/LaTeXTools/internal/preview_math/45afd66e1baae206b0cb144a02227e87.tex:18: Missing } inserted. [\end{equation}]
/home/schlowmo/.config/sublime-text-3/Cache/LaTeXTools/internal/preview_math/45afd66e1baae206b0cb144a02227e87.tex:18: Missing \cr inserted. [\end{equation}]
/home/schlowmo/.config/sublime-text-3/Cache/LaTeXTools/internal/preview_math/45afd66e1baae206b0cb144a02227e87.tex:18: Missing } inserted. [\end{equation}]
/home/schlowmo/.config/sublime-text-3/Cache/LaTeXTools/internal/preview_math/45afd66e1baae206b0cb144a02227e87.tex:18: Missing \cr inserted. [\end{equation}]
/home/schlowmo/.config/sublime-text-3/Cache/LaTeXTools/internal/preview_math/45afd66e1baae206b0cb144a02227e87.tex:18: Missing } inserted. [\end{equation}]
/home/schlowmo/.config/sublime-text-3/Cache/LaTeXTools/internal/preview_math/45afd66e1baae206b0cb144a02227e87.tex:18: Missing \cr inserted. [\end{equation}]
/home/schlowmo/.config/sublime-text-3/Cache/LaTeXTools/internal/preview_math/45afd66e1baae206b0cb144a02227e87.tex:18: Missing } inserted. [\end{equation}]
/home/schlowmo/.config/sublime-text-3/Cache/LaTeXTools/internal/preview_math/45afd66e1baae206b0cb144a02227e87.tex:18: Missing \cr inserted. [\end{equation}]
/home/schlowmo/.config/sublime-text-3/Cache/LaTeXTools/internal/preview_math/45afd66e1baae206b0cb144a02227e87.tex:18: Missing } inserted. [\end{equation}]
/home/schlowmo/.config/sublime-text-3/Cache/LaTeXTools/internal/preview_math/45afd66e1baae206b0cb144a02227e87.tex:18: Missing \cr inserted. [\end{equation}]
/home/schlowmo/.config/sublime-text-3/Cache/LaTeXTools/internal/preview_math/45afd66e1baae206b0cb144a02227e87.tex:18: Missing } inserted. [\end{equation}]
/home/schlowmo/.config/sublime-text-3/Cache/LaTeXTools/internal/preview_math/45afd66e1baae206b0cb144a02227e87.tex:18: Missing \cr inserted. [\end{equation}]
/home/schlowmo/.config/sublime-text-3/Cache/LaTeXTools/internal/preview_math/45afd66e1baae206b0cb144a02227e87.tex:18: Missing } inserted. [\end{equation}]
/home/schlowmo/.config/sublime-text-3/Cache/LaTeXTools/internal/preview_math/45afd66e1baae206b0cb144a02227e87.tex:18: Missing \cr inserted. [\end{equation}]
/home/schlowmo/.config/sublime-text-3/Cache/LaTeXTools/internal/preview_math/45afd66e1baae206b0cb144a02227e87.tex:18: Missing } inserted. [\end{equation}]
/home/schlowmo/.config/sublime-text-3/Cache/LaTeXTools/internal/preview_math/45afd66e1baae206b0cb144a02227e87.tex:18: Missing \cr inserted. [\end{equation}]
/home/schlowmo/.config/sublime-text-3/Cache/LaTeXTools/internal/preview_math/45afd66e1baae206b0cb144a02227e87.tex:18: Missing } inserted. [\end{equation}]
/home/schlowmo/.config/sublime-text-3/Cache/LaTeXTools/internal/preview_math/45afd66e1baae206b0cb144a02227e87.tex:18: Missing \cr inserted. [\end{equation}]
/home/schlowmo/.config/sublime-text-3/Cache/LaTeXTools/internal/preview_math/45afd66e1baae206b0cb144a02227e87.tex:18: Missing } inserted. [\end{equation}]
/home/schlowmo/.config/sublime-text-3/Cache/LaTeXTools/internal/preview_math/45afd66e1baae206b0cb144a02227e87.tex:18: Missing \cr inserted. [\end{equation}]
/home/schlowmo/.config/sublime-text-3/Cache/LaTeXTools/internal/preview_math/45afd66e1baae206b0cb144a02227e87.tex:18: Missing } inserted. [\end{equation}]
/home/schlowmo/.config/sublime-text-3/Cache/LaTeXTools/internal/preview_math/45afd66e1baae206b0cb144a02227e87.tex:18: Missing \cr inserted. [\end{equation}]
Too many errors. TeX stopped.

LaTeX document:
-----BEGIN DOCUMENT-----

\documentclass[preview,border=0.3pt]{standalone}
% import xcolor if available and not already present
\IfFileExists{xcolor.sty}{\usepackage{xcolor}}{}%
\usepackage{amsmath}
\usepackage{amssymb}
\IfFileExists{latexsym.sty}{\usepackage{latexsym}}{}
\IfFileExists{mathtools.sty}{\usepackage{mathtools}}{}

\begin{document}
% set the foreground color
\IfFileExists{xcolor.sty}{\color[HTML]{C6C6C6}}{}%
\(
\Delta w =
    \begin{cases}
        A^{+} * e^{\frac{t - t}
    \end{cases}
\end{equation}
Furthermore, synapses which project from the pool of inhibitory interneurons into the excitatory neurons followed an \ac{adp} plasticity rule (see Sec. \ref{ch:adp} for more details).


\subsection{The canonical building block}
\begin{figure}
    \centering
    \includegraphics[width=13cm, height=5cm]{figures/{canonical_microcircuit}.pdf}
    \caption{Cortical organization principles and \ac{octa} module. a) Abstracted cortical connectivity within a cortical column. Triangles represented excitatory pyradimal cells and open circles represent inhibitory interneurons. Arrows indicate excitatory synapse, whereas dots represent inhibitory synapses. The line thickness represent number of counted synaptic connection. Data taken from \cite{Binzegger_etal04}, connections with less than X synapses were excluded for clarity. b) The originally proposed canonical microcircuit. Figure redrawn from \cite{Douglas_etal89}}
\end{figure}

%This section goes back to part I and reflect the cortical organization in order to construct one OCTA module

\subsection{Intra-module connectivity}
The basic \ac{octa} module is depicted in Fig. \ref{fig:octa_overview}.
The input is send to $L_{4}$ neuron population, which in turn is connected via excitatory plastic synapses to $L_{2/3}$ and $L_{5/6}$.
Both populations, i.e. $L_{2/3}$ and $L_{5/6}$, are recurrently connected populations with a pool of inhibitory interneurons.
The recurrent excitatory synapses, like the feedforward synapses from $L_{4}$ are subject to \ac{stdp}, whereas the synapses from the excitatory pool into their respective inhibitory interneuron pool are random-fixed with a probability of connection, $p = 0.5$.
The synapses projecting from the pool of inhibitory interneurons are subject to learning with the objective of sparsifying the learned receptive fields, as well regulate activity over time by introducing competition.

Role of interneurons in the brain recap and evidence
\begin{itemize}
    \item No inhibition
    \item static inhibition (p=1.0) oscilaations (Vreeswijk1994)
    \item static random inhibition
    \item Variance Dependent Plasticity + biological evidence
\end{itemize}
\subsection{Activity Dependent Plasticity}
\label{ch:adp}
The role of inhibition is to regulate excitatory neuron activity.
To this aim we propose an inhibitory plasticity rule which based on the post-synaptic neuron activity $\sigma$ (see Eq.~\ref{eq:activity_proxy}) over a certain time period, tries to homeotastically regulate the activity.
Every time an inhibitory neuron spikes the weight post-synaptic activity proxy is compared to threshold, and the weight is updated accordingly (see Eq.~\ref{eq:adp})
This learning rule is similar to \cite{Vogels_etal11}, but instead of looking at the output firing rate we integrate the exponentially weighted somatic current $I_{mem}$ within a sliding window.

\begin{equation}
    \sigma = \int^{t_0}_{t_0 - \Delta t} {I_{mem}(t)\ e^{\frac{(t-t_0)}{\tau}}} dt
    \label{eq:activity_proxy}
\end{equation}

\begin{equation}
    \Delta w = \eta * (\sigma_{i} - \sigma_{target})
    \label{eq:adp}
\end{equation}


\subsection{Additional homoeostatic mechanism for learning}
\subsubsection{Weight initialization}
+ reinitialization
\subsubsection{Weight regularization}
\begin{itemize}
    \item switching criterion
\end{itemize}
\subsection{Sorting}
To better understand what the network is coding for we sort the rasterplots according to a given weight matrix.
First we compute the pair-wise similarity of weight vectors, by calculating the euclidean distance between them.
In the second step we construct a directed graph based on the similarity of each node and allow each node to maximally be connected to any two other nodes.
The resulting graph represents a permutation, in which similar weight vectors are closer to each other compared to orthogonal ones.
In the following we will refer to this as the rasterplot is sorted according to a given synaptic projection or weight matrix.

\section{Results}
We use a simple spatio-temporal pattern to study emerging network dynamics of a single \ac{octa} module.
The stimulus is a rotating bar, with 18 different angular positions and a spatial extend of $10\ x\ 10$ pixels (Fig.~\ref{fig:microcircuit}c, input).
The bar itself is encoded as a set of events, similar to what an event-based sensor would perceive if an edge is crossing its pixels.
Additionally we add 20 $\%$ noise events.

\subsection{Spatio-temporal receptive fields}
All synaptic weights are randomly sampled before we start training (see Fig.~\ref{fig:receptive_fields} a).
When the bar is presented to the network, each neuron starts to update its incoming weights to one of the 18 different angles.
The \ac{stdp} learning paradigm

\subsection{Temporal expectation in recurrent weight matrix}
\subsection{Effect of inhibition}
Up to now we kept the inhibition provided by the inhibitory interneurons static.
This clearly provides the necessary competition among the excitatory feature detector neurons so learn different spatio-temporal features.
When examining Fig. \ref{fig:rasterplot}a more closely, however, only X out of the 49 feature detectors show a preferred orientation tuning.
The static inhibitory synapses were randomly initialised with connection probability of 0.67.
Even if a given neuron now tries to tune its weights to reflect a certain orientation, the static inhibitory clamp prevents it from doing so by preventing post-synaptic spiking, which is crucial for \ac{stdp}.
To overcome this limitation and allow the network to leverage its full potential, i.e use more computational resources, we initialise the inhibitory to excitatory projection as all-to-all and make the weights subject to \ac{adp}.
The inhibition, which is needed to learn different orientation tuning in the excitatory neuron pool, is adapted to allow each neuron to be active the same amount (Fig.~\ref{fig:rasterplot}b).
The inhibitory projections which are too weak in the beginning and lead to an over-excitation and thus to similar orientation tuning of multiple neurons in $L_{2/3}$, is increased.
On the other hand, inhibitory projections, which are too strong and prevent any activity in the respective $L_{2/3}$ neurons is weakened, to allow the neuron to tune its weights to a particular orientation.
By adjusting the inhibitory weights according to Eq.~\ref{eq:adp}, X neurons out of the 49 learn a preferred orientation.
Hence, more computational resources can be leveraged to learn and encode the presented spatio-temporal pattern.
The amount of allowed activity is set by $\sigma_{target}$, which can take any value between 0 and 1.
When setting $\sigma_{target}$ equal to 1, meaning no inhibitory competition is provided, the learned receptive fields are the same for each neuron and a superposition of all presented orientations (Fig.~\ref{fig:receptive_fields}b).
Whereas, a $\sigma_{target}$ of 0, leads to maximal inhibition, which causes the network to oscillate and learn a single preferred orientation for all neurons in $L_{2/3}$ (Fig.~\ref{fig:receptive_fields}c).


\subsection{Mismatch and synaptic temporal prediction}
So far, we showed the emerging network dynamics for $L_{2/3}$ only.
While the learning mechanisms in $L_{5/6}$ are the same as in $L_{2/3}$, we investigate what happens if there exist a uni-directional connection between the two populations.
The synaptic projection is subject to \ac{stdp} and we use the learned weight matrix to sort the activity of $L_{5/6}$.
\subsection{Spike-time dependent gain plasticity}

\section{Discussion}
\subsection{State-of-the-art event-based learning}
\subsection{Stability}
\subsection{Limitations}
\subsection{Spike Time Dependent Gain Modulation}
\subsection{Remarks for hardware}
\subsection{Conclusion}
\)
\end{document}

-----END DOCUMENT-----

Log file:
-----BEGIN LOG-----
This is pdfTeX, Version 3.14159265-2.6-1.40.16 (TeX Live 2015/Debian) (preloaded format=pdflatex 2018.10.14)  28 NOV 2018 14:29
entering extended mode
 restricted \write18 enabled.
 %&-line parsing enabled.
**45afd66e1baae206b0cb144a02227e87.tex
(./45afd66e1baae206b0cb144a02227e87.tex
LaTeX2e <2016/02/01>
Babel <3.9q> and hyphenation patterns for 5 language(s) loaded.
(/usr/share/texlive/texmf-dist/tex/latex/standalone/standalone.cls
Document Class: standalone 2015/07/15 v1.2 Class to compile TeX sub-files stand
alone
(/usr/share/texlive/texmf-dist/tex/generic/oberdiek/ifluatex.sty
Package: ifluatex 2010/03/01 v1.3 Provides the ifluatex switch (HO)
Package ifluatex Info: LuaTeX not detected.
)
(/usr/share/texlive/texmf-dist/tex/generic/oberdiek/ifpdf.sty
Package: ifpdf 2011/01/30 v2.3 Provides the ifpdf switch (HO)
Package ifpdf Info: pdfTeX in PDF mode is detected.
)
(/usr/share/texlive/texmf-dist/tex/generic/ifxetex/ifxetex.sty
Package: ifxetex 2010/09/12 v0.6 Provides ifxetex conditional
)
(/usr/share/texlive/texmf-dist/tex/latex/xkeyval/xkeyval.sty
Package: xkeyval 2014/12/03 v2.7a package option processing (HA)

(/usr/share/texlive/texmf-dist/tex/generic/xkeyval/xkeyval.tex
(/usr/share/texlive/texmf-dist/tex/generic/xkeyval/xkvutils.tex
\XKV@toks=\toks14
\XKV@tempa@toks=\toks15

(/usr/share/texlive/texmf-dist/tex/generic/xkeyval/keyval.tex))
\XKV@depth=\count79
File: xkeyval.tex 2014/12/03 v2.7a key=value parser (HA)
))
\sa@internal=\count80
\c@sapage=\count81

(/usr/share/texlive/texmf-dist/tex/latex/standalone/standalone.cfg
File: standalone.cfg 2015/07/15 v1.2 Default configuration file for 'standalone
' class
)
(/usr/share/texlive/texmf-dist/tex/latex/base/article.cls
Document Class: article 2014/09/29 v1.4h Standard LaTeX document class
(/usr/share/texlive/texmf-dist/tex/latex/base/size10.clo
File: size10.clo 2014/09/29 v1.4h Standard LaTeX file (size option)
)
\c@part=\count82
\c@section=\count83
\c@subsection=\count84
\c@subsubsection=\count85
\c@paragraph=\count86
\c@subparagraph=\count87
\c@figure=\count88
\c@table=\count89
\abovecaptionskip=\skip41
\belowcaptionskip=\skip42
\bibindent=\dimen102
)
(/usr/share/texmf/tex/latex/preview/preview.sty
Package: preview 2010/02/14 11.88 (AUCTeX/preview-latex)

(/usr/share/texmf/tex/latex/preview/prtightpage.def
\PreviewBorder=\dimen103
)
\pr@snippet=\count90
\pr@box=\box26
\pr@output=\toks16
))
(/usr/share/texlive/texmf-dist/tex/latex/xcolor/xcolor.sty
Package: xcolor 2007/01/21 v2.11 LaTeX color extensions (UK)

(/usr/share/texlive/texmf-dist/tex/latex/latexconfig/color.cfg
File: color.cfg 2007/01/18 v1.5 color configuration of teTeX/TeXLive
)
Package xcolor Info: Driver file: pdftex.def on input line 225.

(/usr/share/texlive/texmf-dist/tex/latex/pdftex-def/pdftex.def
File: pdftex.def 2011/05/27 v0.06d Graphics/color for pdfTeX

(/usr/share/texlive/texmf-dist/tex/generic/oberdiek/infwarerr.sty
Package: infwarerr 2010/04/08 v1.3 Providing info/warning/error messages (HO)
)
(/usr/share/texlive/texmf-dist/tex/generic/oberdiek/ltxcmds.sty
Package: ltxcmds 2011/11/09 v1.22 LaTeX kernel commands for general use (HO)
)
\Gread@gobject=\count91
)
Package xcolor Info: Model `cmy' substituted by `cmy0' on input line 1337.
Package xcolor Info: Model `hsb' substituted by `rgb' on input line 1341.
Package xcolor Info: Model `RGB' extended on input line 1353.
Package xcolor Info: Model `HTML' substituted by `rgb' on input line 1355.
Package xcolor Info: Model `Hsb' substituted by `hsb' on input line 1356.
Package xcolor Info: Model `tHsb' substituted by `hsb' on input line 1357.
Package xcolor Info: Model `HSB' substituted by `hsb' on input line 1358.
Package xcolor Info: Model `Gray' substituted by `gray' on input line 1359.
Package xcolor Info: Model `wave' substituted by `hsb' on input line 1360.
)
(/usr/share/texlive/texmf-dist/tex/latex/amsmath/amsmath.sty
Package: amsmath 2016/03/03 v2.15a AMS math features
\@mathmargin=\skip43

For additional information on amsmath, use the `?' option.
(/usr/share/texlive/texmf-dist/tex/latex/amsmath/amstext.sty
Package: amstext 2000/06/29 v2.01 AMS text

(/usr/share/texlive/texmf-dist/tex/latex/amsmath/amsgen.sty
File: amsgen.sty 1999/11/30 v2.0 generic functions
\@emptytoks=\toks17
\ex@=\dimen104
))
(/usr/share/texlive/texmf-dist/tex/latex/amsmath/amsbsy.sty
Package: amsbsy 1999/11/29 v1.2d Bold Symbols
\pmbraise@=\dimen105
)
(/usr/share/texlive/texmf-dist/tex/latex/amsmath/amsopn.sty
Package: amsopn 1999/12/14 v2.01 operator names
)
\inf@bad=\count92
LaTeX Info: Redefining \frac on input line 199.
\uproot@=\count93
\leftroot@=\count94
LaTeX Info: Redefining \overline on input line 297.
\classnum@=\count95
\DOTSCASE@=\count96
LaTeX Info: Redefining \ldots on input line 394.
LaTeX Info: Redefining \dots on input line 397.
LaTeX Info: Redefining \cdots on input line 518.
\Mathstrutbox@=\box27
\strutbox@=\box28
\big@size=\dimen106
LaTeX Font Info:    Redeclaring font encoding OML on input line 630.
LaTeX Font Info:    Redeclaring font encoding OMS on input line 631.
\macc@depth=\count97
\c@MaxMatrixCols=\count98
\dotsspace@=\muskip10
\c@parentequation=\count99
\dspbrk@lvl=\count100
\tag@help=\toks18
\row@=\count101
\column@=\count102
\maxfields@=\count103
\andhelp@=\toks19
\eqnshift@=\dimen107
\alignsep@=\dimen108
\tagshift@=\dimen109
\tagwidth@=\dimen110
\totwidth@=\dimen111
\lineht@=\dimen112
\@envbody=\toks20
\multlinegap=\skip44
\multlinetaggap=\skip45
\mathdisplay@stack=\toks21
LaTeX Info: Redefining \[ on input line 2735.
LaTeX Info: Redefining \] on input line 2736.
)
(/usr/share/texlive/texmf-dist/tex/latex/amsfonts/amssymb.sty
Package: amssymb 2013/01/14 v3.01 AMS font symbols

(/usr/share/texlive/texmf-dist/tex/latex/amsfonts/amsfonts.sty
Package: amsfonts 2013/01/14 v3.01 Basic AMSFonts support
\symAMSa=\mathgroup4
\symAMSb=\mathgroup5
LaTeX Font Info:    Overwriting math alphabet `\mathfrak' in version `bold'
(Font)                  U/euf/m/n --> U/euf/b/n on input line 106.
))
(/usr/share/texlive/texmf-dist/tex/latex/base/latexsym.sty
Package: latexsym 1998/08/17 v2.2e Standard LaTeX package (lasy symbols)
\symlasy=\mathgroup6
LaTeX Font Info:    Overwriting symbol font `lasy' in version `bold'
(Font)                  U/lasy/m/n --> U/lasy/b/n on input line 52.
)
(/usr/share/texlive/texmf-dist/tex/latex/mathtools/mathtools.sty
Package: mathtools 2015/11/12 v1.18 mathematical typesetting tools

(/usr/share/texlive/texmf-dist/tex/latex/tools/calc.sty
Package: calc 2014/10/28 v4.3 Infix arithmetic (KKT,FJ)
\calc@Acount=\count104
\calc@Bcount=\count105
\calc@Adimen=\dimen113
\calc@Bdimen=\dimen114
\calc@Askip=\skip46
\calc@Bskip=\skip47
LaTeX Info: Redefining \setlength on input line 80.
LaTeX Info: Redefining \addtolength on input line 81.
\calc@Ccount=\count106
\calc@Cskip=\skip48
)
(/usr/share/texlive/texmf-dist/tex/latex/mathtools/mhsetup.sty
Package: mhsetup 2010/01/21 v1.2a programming setup (MH)
)
LaTeX Info: Thecontrolsequence`\('isalreadyrobust on input line 129.
LaTeX Info: Thecontrolsequence`\)'isalreadyrobust on input line 129.
LaTeX Info: Thecontrolsequence`\['isalreadyrobust on input line 129.
LaTeX Info: Thecontrolsequence`\]'isalreadyrobust on input line 129.
\g_MT_multlinerow_int=\count107
\l_MT_multwidth_dim=\dimen115
\origjot=\skip49
\l_MT_shortvdotswithinadjustabove_dim=\dimen116
\l_MT_shortvdotswithinadjustbelow_dim=\dimen117
\l_MT_above_intertext_sep=\dimen118
\l_MT_below_intertext_sep=\dimen119
\l_MT_above_shortintertext_sep=\dimen120
\l_MT_below_shortintertext_sep=\dimen121
)
No file 45afd66e1baae206b0cb144a02227e87.aux.
\openout1 = `45afd66e1baae206b0cb144a02227e87.aux'.

LaTeX Font Info:    Checking defaults for OML/cmm/m/it on input line 10.
LaTeX Font Info:    ... okay on input line 10.
LaTeX Font Info:    Checking defaults for T1/cmr/m/n on input line 10.
LaTeX Font Info:    ... okay on input line 10.
LaTeX Font Info:    Checking defaults for OT1/cmr/m/n on input line 10.
LaTeX Font Info:    ... okay on input line 10.
LaTeX Font Info:    Checking defaults for OMS/cmsy/m/n on input line 10.
LaTeX Font Info:    ... okay on input line 10.
LaTeX Font Info:    Checking defaults for OMX/cmex/m/n on input line 10.
LaTeX Font Info:    ... okay on input line 10.
LaTeX Font Info:    Checking defaults for U/cmr/m/n on input line 10.
LaTeX Font Info:    ... okay on input line 10.
Preview: Fontsize 10pt
Preview: PDFoutput 1
(/usr/share/texlive/texmf-dist/tex/context/base/supp-pdf.mkii
[Loading MPS to PDF converter (version 2006.09.02).]
\scratchcounter=\count108
\scratchdimen=\dimen122
\scratchbox=\box29
\nofMPsegments=\count109
\nofMParguments=\count110
\everyMPshowfont=\toks22
\MPscratchCnt=\count111
\MPscratchDim=\dimen123
\MPnumerator=\count112
\makeMPintoPDFobject=\count113
\everyMPtoPDFconversion=\toks23
) (/usr/share/texlive/texmf-dist/tex/latex/graphics/graphicx.sty
Package: graphicx 2014/10/28 v1.0g Enhanced LaTeX Graphics (DPC,SPQR)

(/usr/share/texlive/texmf-dist/tex/latex/graphics/graphics.sty
Package: graphics 2016/01/03 v1.0q Standard LaTeX Graphics (DPC,SPQR)

(/usr/share/texlive/texmf-dist/tex/latex/graphics/trig.sty
Package: trig 2016/01/03 v1.10 sin cos tan (DPC)
)
(/usr/share/texlive/texmf-dist/tex/latex/latexconfig/graphics.cfg
File: graphics.cfg 2010/04/23 v1.9 graphics configuration of TeX Live
)
Package graphics Info: Driver file: pdftex.def on input line 95.
)
(/usr/share/texlive/texmf-dist/tex/generic/oberdiek/pdftexcmds.sty
Package: pdftexcmds 2011/11/29 v0.20 Utility functions of pdfTeX for LuaTeX (HO
)
Package pdftexcmds Info: LuaTeX not detected.
Package pdftexcmds Info: \pdf@primitive is available.
Package pdftexcmds Info: \pdf@ifprimitive is available.
Package pdftexcmds Info: \pdfdraftmode found.
)
(/usr/share/texlive/texmf-dist/tex/latex/oberdiek/epstopdf-base.sty
Package: epstopdf-base 2010/02/09 v2.5 Base part for package epstopdf

(/usr/share/texlive/texmf-dist/tex/latex/oberdiek/grfext.sty
Package: grfext 2010/08/19 v1.1 Manage graphics extensions (HO)

(/usr/share/texlive/texmf-dist/tex/generic/oberdiek/kvdefinekeys.sty
Package: kvdefinekeys 2011/04/07 v1.3 Define keys (HO)
))
(/usr/share/texlive/texmf-dist/tex/latex/oberdiek/kvoptions.sty
Package: kvoptions 2011/06/30 v3.11 Key value format for package options (HO)

(/usr/share/texlive/texmf-dist/tex/generic/oberdiek/kvsetkeys.sty
Package: kvsetkeys 2012/04/25 v1.16 Key value parser (HO)

(/usr/share/texlive/texmf-dist/tex/generic/oberdiek/etexcmds.sty
Package: etexcmds 2011/02/16 v1.5 Avoid name clashes with e-TeX commands (HO)
Package etexcmds Info: Could not find \expanded.
(etexcmds)             That can mean that you are not using pdfTeX 1.50 or
(etexcmds)             that some package has redefined \expanded.
(etexcmds)             In the latter case, load this package earlier.
)))
Package grfext Info: Graphics extension search list:
(grfext)             [.png,.pdf,.jpg,.mps,.jpeg,.jbig2,.jb2,.PNG,.PDF,.JPG,.JPE
G,.JBIG2,.JB2,.eps]
(grfext)             \AppendGraphicsExtensions on input line 452.

(/usr/share/texlive/texmf-dist/tex/latex/latexconfig/epstopdf-sys.cfg
File: epstopdf-sys.cfg 2010/07/13 v1.3 Configuration of (r)epstopdf for TeX Liv
e
))
\Gin@req@height=\dimen124
\Gin@req@width=\dimen125
)
LaTeX Font Info:    Try loading font information for U+msa on input line 13.

(/usr/share/texlive/texmf-dist/tex/latex/amsfonts/umsa.fd
File: umsa.fd 2013/01/14 v3.01 AMS symbols A
)
LaTeX Font Info:    Try loading font information for U+msb on input line 13.

(/usr/share/texlive/texmf-dist/tex/latex/amsfonts/umsb.fd
File: umsb.fd 2013/01/14 v3.01 AMS symbols B
)
LaTeX Font Info:    Try loading font information for U+lasy on input line 13.

(/usr/share/texlive/texmf-dist/tex/latex/base/ulasy.fd
File: ulasy.fd 1998/08/17 v2.2e LaTeX symbol font definitions
)
! Argument of \end has an extra }.
<inserted text> 
                \par 
l.17     \end
             {cases}
I've run across a `}' that doesn't seem to match anything.
For example, `\def\a#1{...}' and `\a}' would produce
this error. If you simply proceed now, the `\par' that
I've just inserted will cause me to report a runaway
argument that might be the root of the problem. But if
your `}' was spurious, just type `2' and it will go away.

Runaway argument?
! Paragraph ended before \end was complete.
<to be read again> 
                   \par 
l.17     \end
             {cases}
I suspect you've forgotten a `}', causing me to apply this
control sequence to too much text. How can we recover?
My plan is to forget the whole thing and hope for the best.

! You can't use `\eqno' in math mode.
\endmathdisplay@a ...\df@tag \@empty \else \veqno 
                                                  \alt@tag \df@tag \fi \ifx ...
l.18 \end{equation}
                   
Sorry, but I'm not programmed to handle this case;
I'll just pretend that you didn't ask for it.
If you're in the wrong mode, you might be able to
return to the right one by typing `I}' or `I$' or `I\par'.

! Missing } inserted.
<inserted text> 
                }
l.18 \end{equation}
                   
I've inserted something that you may have forgotten.
(See the <inserted text> above.)
With luck, this will get me unwedged. But if you
really didn't forget anything, try typing `2' now; then
my insertion and my current dilemma will both disappear.


! LaTeX Error: \begin{cases} on input line 15 ended by \end{equation}.

See the LaTeX manual or LaTeX Companion for explanation.
Type  H <return>  for immediate help.
 ...                                              
                                                  
l.18 \end{equation}
                   
Your command was ignored.
Type  I <command> <return>  to replace it with another command,
or  <return>  to continue without it.

! Missing $ inserted.
<inserted text> 
                $
l.18 \end{equation}
                   
I've inserted something that you may have forgotten.
(See the <inserted text> above.)
With luck, this will get me unwedged. But if you
really didn't forget anything, try typing `2' now; then
my insertion and my current dilemma will both disappear.

! Missing } inserted.
<inserted text> 
                }
l.18 \end{equation}
                   
I've inserted something that you may have forgotten.
(See the <inserted text> above.)
With luck, this will get me unwedged. But if you
really didn't forget anything, try typing `2' now; then
my insertion and my current dilemma will both disappear.

! Missing \cr inserted.
<inserted text> 
                \cr 
l.18 \end{equation}
                   
I'm guessing that you meant to end an alignment here.

! Missing } inserted.
<inserted text> 
                }
l.18 \end{equation}
                   
I've put in what seems to be necessary to fix
the current column of the current alignment.
Try to go on, since this might almost work.

! Missing \cr inserted.
<inserted text> 
                \cr 
l.18 \end{equation}
                   
I'm guessing that you meant to end an alignment here.

! Missing } inserted.
<inserted text> 
                }
l.18 \end{equation}
                   
I've put in what seems to be necessary to fix
the current column of the current alignment.
Try to go on, since this might almost work.

! Missing \cr inserted.
<inserted text> 
                \cr 
l.18 \end{equation}
                   
I'm guessing that you meant to end an alignment here.

! Missing } inserted.
<inserted text> 
                }
l.18 \end{equation}
                   
I've put in what seems to be necessary to fix
the current column of the current alignment.
Try to go on, since this might almost work.

! Missing \cr inserted.
<inserted text> 
                \cr 
l.18 \end{equation}
                   
I'm guessing that you meant to end an alignment here.

! Missing } inserted.
<inserted text> 
                }
l.18 \end{equation}
                   
I've put in what seems to be necessary to fix
the current column of the current alignment.
Try to go on, since this might almost work.

! Missing \cr inserted.
<inserted text> 
                \cr 
l.18 \end{equation}
                   
I'm guessing that you meant to end an alignment here.

! Missing } inserted.
<inserted text> 
                }
l.18 \end{equation}
                   
I've put in what seems to be necessary to fix
the current column of the current alignment.
Try to go on, since this might almost work.

! Missing \cr inserted.
<inserted text> 
                \cr 
l.18 \end{equation}
                   
I'm guessing that you meant to end an alignment here.

! Missing } inserted.
<inserted text> 
                }
l.18 \end{equation}
                   
I've put in what seems to be necessary to fix
the current column of the current alignment.
Try to go on, since this might almost work.

! Missing \cr inserted.
<inserted text> 
                \cr 
l.18 \end{equation}
                   
I'm guessing that you meant to end an alignment here.

! Missing } inserted.
<inserted text> 
                }
l.18 \end{equation}
                   
I've put in what seems to be necessary to fix
the current column of the current alignment.
Try to go on, since this might almost work.

! Missing \cr inserted.
<inserted text> 
                \cr 
l.18 \end{equation}
                   
I'm guessing that you meant to end an alignment here.

! Missing } inserted.
<inserted text> 
                }
l.18 \end{equation}
                   
I've put in what seems to be necessary to fix
the current column of the current alignment.
Try to go on, since this might almost work.

! Missing \cr inserted.
<inserted text> 
                \cr 
l.18 \end{equation}
                   
I'm guessing that you meant to end an alignment here.

! Missing } inserted.
<inserted text> 
                }
l.18 \end{equation}
                   
I've put in what seems to be necessary to fix
the current column of the current alignment.
Try to go on, since this might almost work.

! Missing \cr inserted.
<inserted text> 
                \cr 
l.18 \end{equation}
                   
I'm guessing that you meant to end an alignment here.

! Missing } inserted.
<inserted text> 
                }
l.18 \end{equation}
                   
I've put in what seems to be necessary to fix
the current column of the current alignment.
Try to go on, since this might almost work.

! Missing \cr inserted.
<inserted text> 
                \cr 
l.18 \end{equation}
                   
I'm guessing that you meant to end an alignment here.

! Missing } inserted.
<inserted text> 
                }
l.18 \end{equation}
                   
I've put in what seems to be necessary to fix
the current column of the current alignment.
Try to go on, since this might almost work.

! Missing \cr inserted.
<inserted text> 
                \cr 
l.18 \end{equation}
                   
I'm guessing that you meant to end an alignment here.

! Missing } inserted.
<inserted text> 
                }
l.18 \end{equation}
                   
I've put in what seems to be necessary to fix
the current column of the current alignment.
Try to go on, since this might almost work.

! Missing \cr inserted.
<inserted text> 
                \cr 
l.18 \end{equation}
                   
I'm guessing that you meant to end an alignment here.

! Missing } inserted.
<inserted text> 
                }
l.18 \end{equation}
                   
I've put in what seems to be necessary to fix
the current column of the current alignment.
Try to go on, since this might almost work.

! Missing \cr inserted.
<inserted text> 
                \cr 
l.18 \end{equation}
                   
I'm guessing that you meant to end an alignment here.

! Missing } inserted.
<inserted text> 
                }
l.18 \end{equation}
                   
I've put in what seems to be necessary to fix
the current column of the current alignment.
Try to go on, since this might almost work.

! Missing \cr inserted.
<inserted text> 
                \cr 
l.18 \end{equation}
                   
I'm guessing that you meant to end an alignment here.

! Missing } inserted.
<inserted text> 
                }
l.18 \end{equation}
                   
I've put in what seems to be necessary to fix
the current column of the current alignment.
Try to go on, since this might almost work.

! Missing \cr inserted.
<inserted text> 
                \cr 
l.18 \end{equation}
                   
I'm guessing that you meant to end an alignment here.

! Missing } inserted.
<inserted text> 
                }
l.18 \end{equation}
                   
I've put in what seems to be necessary to fix
the current column of the current alignment.
Try to go on, since this might almost work.

! Missing \cr inserted.
<inserted text> 
                \cr 
l.18 \end{equation}
                   
I'm guessing that you meant to end an alignment here.

! Missing } inserted.
<inserted text> 
                }
l.18 \end{equation}
                   
I've put in what seems to be necessary to fix
the current column of the current alignment.
Try to go on, since this might almost work.

! Missing \cr inserted.
<inserted text> 
                \cr 
l.18 \end{equation}
                   
I'm guessing that you meant to end an alignment here.

! Missing } inserted.
<inserted text> 
                }
l.18 \end{equation}
                   
I've put in what seems to be necessary to fix
the current column of the current alignment.
Try to go on, since this might almost work.

! Missing \cr inserted.
<inserted text> 
                \cr 
l.18 \end{equation}
                   
I'm guessing that you meant to end an alignment here.

! Missing } inserted.
<inserted text> 
                }
l.18 \end{equation}
                   
I've put in what seems to be necessary to fix
the current column of the current alignment.
Try to go on, since this might almost work.

! Missing \cr inserted.
<inserted text> 
                \cr 
l.18 \end{equation}
                   
I'm guessing that you meant to end an alignment here.

! Missing } inserted.
<inserted text> 
                }
l.18 \end{equation}
                   
I've put in what seems to be necessary to fix
the current column of the current alignment.
Try to go on, since this might almost work.

! Missing \cr inserted.
<inserted text> 
                \cr 
l.18 \end{equation}
                   
I'm guessing that you meant to end an alignment here.

! Missing } inserted.
<inserted text> 
                }
l.18 \end{equation}
                   
I've put in what seems to be necessary to fix
the current column of the current alignment.
Try to go on, since this might almost work.

! Missing \cr inserted.
<inserted text> 
                \cr 
l.18 \end{equation}
                   
I'm guessing that you meant to end an alignment here.

! Missing } inserted.
<inserted text> 
                }
l.18 \end{equation}
                   
I've put in what seems to be necessary to fix
the current column of the current alignment.
Try to go on, since this might almost work.

! Missing \cr inserted.
<inserted text> 
                \cr 
l.18 \end{equation}
                   
I'm guessing that you meant to end an alignment here.

! Missing } inserted.
<inserted text> 
                }
l.18 \end{equation}
                   
I've put in what seems to be necessary to fix
the current column of the current alignment.
Try to go on, since this might almost work.

! Missing \cr inserted.
<inserted text> 
                \cr 
l.18 \end{equation}
                   
I'm guessing that you meant to end an alignment here.

! Missing } inserted.
<inserted text> 
                }
l.18 \end{equation}
                   
I've put in what seems to be necessary to fix
the current column of the current alignment.
Try to go on, since this might almost work.

! Missing \cr inserted.
<inserted text> 
                \cr 
l.18 \end{equation}
                   
I'm guessing that you meant to end an alignment here.

! Missing } inserted.
<inserted text> 
                }
l.18 \end{equation}
                   
I've put in what seems to be necessary to fix
the current column of the current alignment.
Try to go on, since this might almost work.

! Missing \cr inserted.
<inserted text> 
                \cr 
l.18 \end{equation}
                   
I'm guessing that you meant to end an alignment here.

! Missing } inserted.
<inserted text> 
                }
l.18 \end{equation}
                   
I've put in what seems to be necessary to fix
the current column of the current alignment.
Try to go on, since this might almost work.

! Missing \cr inserted.
<inserted text> 
                \cr 
l.18 \end{equation}
                   
I'm guessing that you meant to end an alignment here.

! Missing } inserted.
<inserted text> 
                }
l.18 \end{equation}
                   
I've put in what seems to be necessary to fix
the current column of the current alignment.
Try to go on, since this might almost work.

! Missing \cr inserted.
<inserted text> 
                \cr 
l.18 \end{equation}
                   
I'm guessing that you meant to end an alignment here.

! Missing } inserted.
<inserted text> 
                }
l.18 \end{equation}
                   
I've put in what seems to be necessary to fix
the current column of the current alignment.
Try to go on, since this might almost work.

! Missing \cr inserted.
<inserted text> 
                \cr 
l.18 \end{equation}
                   
I'm guessing that you meant to end an alignment here.

! Missing } inserted.
<inserted text> 
                }
l.18 \end{equation}
                   
I've put in what seems to be necessary to fix
the current column of the current alignment.
Try to go on, since this might almost work.

! Missing \cr inserted.
<inserted text> 
                \cr 
l.18 \end{equation}
                   
I'm guessing that you meant to end an alignment here.

! Missing } inserted.
<inserted text> 
                }
l.18 \end{equation}
                   
I've put in what seems to be necessary to fix
the current column of the current alignment.
Try to go on, since this might almost work.

! Missing \cr inserted.
<inserted text> 
                \cr 
l.18 \end{equation}
                   
I'm guessing that you meant to end an alignment here.

! Missing } inserted.
<inserted text> 
                }
l.18 \end{equation}
                   
I've put in what seems to be necessary to fix
the current column of the current alignment.
Try to go on, since this might almost work.

! Missing \cr inserted.
<inserted text> 
                \cr 
l.18 \end{equation}
                   
I'm guessing that you meant to end an alignment here.

! Missing } inserted.
<inserted text> 
                }
l.18 \end{equation}
                   
I've put in what seems to be necessary to fix
the current column of the current alignment.
Try to go on, since this might almost work.

! Missing \cr inserted.
<inserted text> 
                \cr 
l.18 \end{equation}
                   
I'm guessing that you meant to end an alignment here.

! Missing } inserted.
<inserted text> 
                }
l.18 \end{equation}
                   
I've put in what seems to be necessary to fix
the current column of the current alignment.
Try to go on, since this might almost work.

! Missing \cr inserted.
<inserted text> 
                \cr 
l.18 \end{equation}
                   
I'm guessing that you meant to end an alignment here.

! Missing } inserted.
<inserted text> 
                }
l.18 \end{equation}
                   
I've put in what seems to be necessary to fix
the current column of the current alignment.
Try to go on, since this might almost work.

! Missing \cr inserted.
<inserted text> 
                \cr 
l.18 \end{equation}
                   
I'm guessing that you meant to end an alignment here.

! Missing } inserted.
<inserted text> 
                }
l.18 \end{equation}
                   
I've put in what seems to be necessary to fix
the current column of the current alignment.
Try to go on, since this might almost work.

! Missing \cr inserted.
<inserted text> 
                \cr 
l.18 \end{equation}
                   
I'm guessing that you meant to end an alignment here.

! Missing } inserted.
<inserted text> 
                }
l.18 \end{equation}
                   
I've put in what seems to be necessary to fix
the current column of the current alignment.
Try to go on, since this might almost work.

! Missing \cr inserted.
<inserted text> 
                \cr 
l.18 \end{equation}
                   
I'm guessing that you meant to end an alignment here.

! Missing } inserted.
<inserted text> 
                }
l.18 \end{equation}
                   
I've put in what seems to be necessary to fix
the current column of the current alignment.
Try to go on, since this might almost work.

! Missing \cr inserted.
<inserted text> 
                \cr 
l.18 \end{equation}
                   
I'm guessing that you meant to end an alignment here.

! Missing } inserted.
<inserted text> 
                }
l.18 \end{equation}
                   
I've put in what seems to be necessary to fix
the current column of the current alignment.
Try to go on, since this might almost work.

! Missing \cr inserted.
<inserted text> 
                \cr 
l.18 \end{equation}
                   
I'm guessing that you meant to end an alignment here.

! Missing } inserted.
<inserted text> 
                }
l.18 \end{equation}
                   
I've put in what seems to be necessary to fix
the current column of the current alignment.
Try to go on, since this might almost work.

! Missing \cr inserted.
<inserted text> 
                \cr 
l.18 \end{equation}
                   
I'm guessing that you meant to end an alignment here.

! Missing } inserted.
<inserted text> 
                }
l.18 \end{equation}
                   
I've put in what seems to be necessary to fix
the current column of the current alignment.
Try to go on, since this might almost work.

! Missing \cr inserted.
<inserted text> 
                \cr 
l.18 \end{equation}
                   
I'm guessing that you meant to end an alignment here.

! Missing } inserted.
<inserted text> 
                }
l.18 \end{equation}
                   
I've put in what seems to be necessary to fix
the current column of the current alignment.
Try to go on, since this might almost work.

! Missing \cr inserted.
<inserted text> 
                \cr 
l.18 \end{equation}
                   
I'm guessing that you meant to end an alignment here.

! Missing } inserted.
<inserted text> 
                }
l.18 \end{equation}
                   
I've put in what seems to be necessary to fix
the current column of the current alignment.
Try to go on, since this might almost work.

! Missing \cr inserted.
<inserted text> 
                \cr 
l.18 \end{equation}
                   
I'm guessing that you meant to end an alignment here.

! Missing } inserted.
<inserted text> 
                }
l.18 \end{equation}
                   
I've put in what seems to be necessary to fix
the current column of the current alignment.
Try to go on, since this might almost work.

! Missing \cr inserted.
<inserted text> 
                \cr 
l.18 \end{equation}
                   
I'm guessing that you meant to end an alignment here.

! Missing } inserted.
<inserted text> 
                }
l.18 \end{equation}
                   
I've put in what seems to be necessary to fix
the current column of the current alignment.
Try to go on, since this might almost work.

! Missing \cr inserted.
<inserted text> 
                \cr 
l.18 \end{equation}
                   
I'm guessing that you meant to end an alignment here.

! Missing } inserted.
<inserted text> 
                }
l.18 \end{equation}
                   
I've put in what seems to be necessary to fix
the current column of the current alignment.
Try to go on, since this might almost work.

! Missing \cr inserted.
<inserted text> 
                \cr 
l.18 \end{equation}
                   
I'm guessing that you meant to end an alignment here.

! Missing } inserted.
<inserted text> 
                }
l.18 \end{equation}
                   
I've put in what seems to be necessary to fix
the current column of the current alignment.
Try to go on, since this might almost work.

! Missing \cr inserted.
<inserted text> 
                \cr 
l.18 \end{equation}
                   
(That makes 100 errors; please try again.) 
Here is how much of TeX's memory you used:
 3914 strings out of 494910
 55243 string characters out of 6179835
 117622 words of memory out of 5000000
 7145 multiletter control sequences out of 15000+600000
 5657 words of font info for 25 fonts, out of 8000000 for 9000
 36 hyphenation exceptions out of 8191
 96i,10n,56p,279b,167s stack positions out of 5000i,500n,10000p,200000b,80000s

!  ==> Fatal error occurred, no output PDF file produced!

-----END LOG-----