Failed to run 'pdflatex' to create pdf to preview.


Errors:
/home/schlowmo/.config/sublime-text-3/Cache/LaTeXTools/internal/preview_math/5cb77e95c40764e47505c1b5c7e98b1d.tex:14: Undefined control sequence. [...ndiveri_etal06} and implemented on the \ac]
/home/schlowmo/.config/sublime-text-3/Cache/LaTeXTools/internal/preview_math/5cb77e95c40764e47505c1b5c7e98b1d.tex:15: Undefined control sequence. [...plastic synapses follow the well-known \ac]
/home/schlowmo/.config/sublime-text-3/Cache/LaTeXTools/internal/preview_math/5cb77e95c40764e47505c1b5c7e98b1d.tex:15: Undefined control sequence. [...s as governed by Eq. \ref{eq:dpi}, the \ac]
/home/schlowmo/.config/sublime-text-3/Cache/LaTeXTools/internal/preview_math/5cb77e95c40764e47505c1b5c7e98b1d.tex:16: Undefined control sequence. [...nto the excitatory neurons followed an \ac]
/home/schlowmo/.config/sublime-text-3/Cache/LaTeXTools/internal/preview_math/5cb77e95c40764e47505c1b5c7e98b1d.tex:17: Missing $ inserted. []
/home/schlowmo/.config/sublime-text-3/Cache/LaTeXTools/internal/preview_math/5cb77e95c40764e47505c1b5c7e98b1d.tex:17: Display math should end with $$. []
/home/schlowmo/.config/sublime-text-3/Cache/LaTeXTools/internal/preview_math/5cb77e95c40764e47505c1b5c7e98b1d.tex:39: Missing \endcsname inserted. [\end{equation}}]
/home/schlowmo/.config/sublime-text-3/Cache/LaTeXTools/internal/preview_math/5cb77e95c40764e47505c1b5c7e98b1d.tex:39: Missing \endcsname inserted. [\end{equation}}]
/home/schlowmo/.config/sublime-text-3/Cache/LaTeXTools/internal/preview_math/5cb77e95c40764e47505c1b5c7e98b1d.tex:39: Extra \endcsname. [\end{equation}}]
/home/schlowmo/.config/sublime-text-3/Cache/LaTeXTools/internal/preview_math/5cb77e95c40764e47505c1b5c7e98b1d.tex:63: You can't use `\end' in internal vertical mode. [\end{document}]
Warnings:
/home/schlowmo/.config/sublime-text-3/Cache/LaTeXTools/internal/preview_math/5cb77e95c40764e47505c1b5c7e98b1d.tex:14: LaTeX Warning: Citation `Indiveri_etal06' on page 1 undefined on input line 14.
/home/schlowmo/.config/sublime-text-3/Cache/LaTeXTools/internal/preview_math/5cb77e95c40764e47505c1b5c7e98b1d.tex:14: LaTeX Warning: Citation `Qiao_etal17?' on page 1 undefined on input line 14.
/home/schlowmo/.config/sublime-text-3/Cache/LaTeXTools/internal/preview_math/5cb77e95c40764e47505c1b5c7e98b1d.tex:15: LaTeX Warning: Reference `eq:dpi' on page 1 undefined on input line 15.
/home/schlowmo/.config/sublime-text-3/Cache/LaTeXTools/internal/preview_math/5cb77e95c40764e47505c1b5c7e98b1d.tex:15: LaTeX Warning: Reference `eq:dpistdp' on page 1 undefined on input line 15.
/home/schlowmo/.config/sublime-text-3/Cache/LaTeXTools/internal/preview_math/5cb77e95c40764e47505c1b5c7e98b1d.tex:16: LaTeX Warning: Reference `ch:adp' on page 1 undefined on input line 16.
/home/schlowmo/.config/sublime-text-3/Cache/LaTeXTools/internal/preview_math/5cb77e95c40764e47505c1b5c7e98b1d.tex: LaTeX Warning: There were undefined references.

LaTeX document:
-----BEGIN DOCUMENT-----

\documentclass[preview,border=0.3pt]{standalone}
% import xcolor if available and not already present
\IfFileExists{xcolor.sty}{\usepackage{xcolor}}{}%
\usepackage{amsmath}
\usepackage{amssymb}
\IfFileExists{latexsym.sty}{\usepackage{latexsym}}{}
\IfFileExists{mathtools.sty}{\usepackage{mathtools}}{}

\begin{document}
% set the foreground color
\IfFileExists{xcolor.sty}{\color[HTML]{C6C6C6}}{}%
$$
These equation describe the current-based neuron model as first presented in \cite{Indiveri_etal06} and implemented on the \ac{dynap} \cite{Qiao_etal17?}.
While the non-plastic synapses follow the well-known \ac{dpi} synapse dynamics as governed by Eq. \ref{eq:dpi}, the \ac{stdp}-based synapses have two additional terms to model the weight update based on the relative timing of the pre- and post-synaptic neuron (see Eq. \ref{eq:dpistdp}).
Furthermore, synapses which project from the pool of inhibitory interneurons into the excitatory neurons followed an \ac{adp} plasticity rule (see Ch. \ref{ch:adp} for more details).


This neuron model was first

\subsection{The canonical building block}
This section goes back to part I and reflect the cortical organization in order to construct one OCTA module

\subsection{Intra-module connectivity}


Role of interneurons in the brain recap and evidence
\begin{itemize}
    \item No inhibition
    \item static inhibition (p=1.0)
    \item static random inhibition
    \item Variance Dependent Plasticity + biological evidence
\end{itemize}
\subsection{Activity Dependent Plasticity}
\label{ch:adp}
\begin{\begin{equation}
    \centering
     = \int^{t_0}_{t_0 - \Delta t} {x_{(t)}\ e^{\frac{(t-t_0)}{\tau}}} dt
\end{equation}}
\subsection{Spike Time Dependent Gain Modulation}
\subsection{Additional homoeostatic mechanism for learning}
\subsubsection{Weight initialization}
+ reinitialization
\subsubsection{Weight regularization}
\begin{itemize}
    \item switching criterion
\end{itemize}

\section{Results}
\subsection{Spatio-temporal receptive fields}
\subsection{Temporal expectation in recurrent weight matrix}
\subsection{Effect of inhibition}
\subsection{Synaptic temporal prediction}
\subsection{Spike-time dependent gain plasticity}

\section{Discussion}
\subsection{State-of-the-art event-based learning}
\subsection{Stability}
\subsection{Limitations}
\subsection{Remarks for hardware}
\subsection{Conclusio
n}
\end{document}

-----END DOCUMENT-----

Log file:
-----BEGIN LOG-----
This is pdfTeX, Version 3.14159265-2.6-1.40.16 (TeX Live 2015/Debian) (preloaded format=pdflatex 2018.10.14)  4 NOV 2018 18:14
entering extended mode
 restricted \write18 enabled.
 %&-line parsing enabled.
**5cb77e95c40764e47505c1b5c7e98b1d.tex
(./5cb77e95c40764e47505c1b5c7e98b1d.tex
LaTeX2e <2016/02/01>
Babel <3.9q> and hyphenation patterns for 5 language(s) loaded.
(/usr/share/texlive/texmf-dist/tex/latex/standalone/standalone.cls
Document Class: standalone 2015/07/15 v1.2 Class to compile TeX sub-files stand
alone
(/usr/share/texlive/texmf-dist/tex/generic/oberdiek/ifluatex.sty
Package: ifluatex 2010/03/01 v1.3 Provides the ifluatex switch (HO)
Package ifluatex Info: LuaTeX not detected.
)
(/usr/share/texlive/texmf-dist/tex/generic/oberdiek/ifpdf.sty
Package: ifpdf 2011/01/30 v2.3 Provides the ifpdf switch (HO)
Package ifpdf Info: pdfTeX in PDF mode is detected.
)
(/usr/share/texlive/texmf-dist/tex/generic/ifxetex/ifxetex.sty
Package: ifxetex 2010/09/12 v0.6 Provides ifxetex conditional
)
(/usr/share/texlive/texmf-dist/tex/latex/xkeyval/xkeyval.sty
Package: xkeyval 2014/12/03 v2.7a package option processing (HA)

(/usr/share/texlive/texmf-dist/tex/generic/xkeyval/xkeyval.tex
(/usr/share/texlive/texmf-dist/tex/generic/xkeyval/xkvutils.tex
\XKV@toks=\toks14
\XKV@tempa@toks=\toks15

(/usr/share/texlive/texmf-dist/tex/generic/xkeyval/keyval.tex))
\XKV@depth=\count79
File: xkeyval.tex 2014/12/03 v2.7a key=value parser (HA)
))
\sa@internal=\count80
\c@sapage=\count81

(/usr/share/texlive/texmf-dist/tex/latex/standalone/standalone.cfg
File: standalone.cfg 2015/07/15 v1.2 Default configuration file for 'standalone
' class
)
(/usr/share/texlive/texmf-dist/tex/latex/base/article.cls
Document Class: article 2014/09/29 v1.4h Standard LaTeX document class
(/usr/share/texlive/texmf-dist/tex/latex/base/size10.clo
File: size10.clo 2014/09/29 v1.4h Standard LaTeX file (size option)
)
\c@part=\count82
\c@section=\count83
\c@subsection=\count84
\c@subsubsection=\count85
\c@paragraph=\count86
\c@subparagraph=\count87
\c@figure=\count88
\c@table=\count89
\abovecaptionskip=\skip41
\belowcaptionskip=\skip42
\bibindent=\dimen102
)
(/usr/share/texmf/tex/latex/preview/preview.sty
Package: preview 2010/02/14 11.88 (AUCTeX/preview-latex)

(/usr/share/texmf/tex/latex/preview/prtightpage.def
\PreviewBorder=\dimen103
)
\pr@snippet=\count90
\pr@box=\box26
\pr@output=\toks16
))
(/usr/share/texlive/texmf-dist/tex/latex/xcolor/xcolor.sty
Package: xcolor 2007/01/21 v2.11 LaTeX color extensions (UK)

(/usr/share/texlive/texmf-dist/tex/latex/latexconfig/color.cfg
File: color.cfg 2007/01/18 v1.5 color configuration of teTeX/TeXLive
)
Package xcolor Info: Driver file: pdftex.def on input line 225.

(/usr/share/texlive/texmf-dist/tex/latex/pdftex-def/pdftex.def
File: pdftex.def 2011/05/27 v0.06d Graphics/color for pdfTeX

(/usr/share/texlive/texmf-dist/tex/generic/oberdiek/infwarerr.sty
Package: infwarerr 2010/04/08 v1.3 Providing info/warning/error messages (HO)
)
(/usr/share/texlive/texmf-dist/tex/generic/oberdiek/ltxcmds.sty
Package: ltxcmds 2011/11/09 v1.22 LaTeX kernel commands for general use (HO)
)
\Gread@gobject=\count91
)
Package xcolor Info: Model `cmy' substituted by `cmy0' on input line 1337.
Package xcolor Info: Model `hsb' substituted by `rgb' on input line 1341.
Package xcolor Info: Model `RGB' extended on input line 1353.
Package xcolor Info: Model `HTML' substituted by `rgb' on input line 1355.
Package xcolor Info: Model `Hsb' substituted by `hsb' on input line 1356.
Package xcolor Info: Model `tHsb' substituted by `hsb' on input line 1357.
Package xcolor Info: Model `HSB' substituted by `hsb' on input line 1358.
Package xcolor Info: Model `Gray' substituted by `gray' on input line 1359.
Package xcolor Info: Model `wave' substituted by `hsb' on input line 1360.
)
(/usr/share/texlive/texmf-dist/tex/latex/amsmath/amsmath.sty
Package: amsmath 2016/03/03 v2.15a AMS math features
\@mathmargin=\skip43

For additional information on amsmath, use the `?' option.
(/usr/share/texlive/texmf-dist/tex/latex/amsmath/amstext.sty
Package: amstext 2000/06/29 v2.01 AMS text

(/usr/share/texlive/texmf-dist/tex/latex/amsmath/amsgen.sty
File: amsgen.sty 1999/11/30 v2.0 generic functions
\@emptytoks=\toks17
\ex@=\dimen104
))
(/usr/share/texlive/texmf-dist/tex/latex/amsmath/amsbsy.sty
Package: amsbsy 1999/11/29 v1.2d Bold Symbols
\pmbraise@=\dimen105
)
(/usr/share/texlive/texmf-dist/tex/latex/amsmath/amsopn.sty
Package: amsopn 1999/12/14 v2.01 operator names
)
\inf@bad=\count92
LaTeX Info: Redefining \frac on input line 199.
\uproot@=\count93
\leftroot@=\count94
LaTeX Info: Redefining \overline on input line 297.
\classnum@=\count95
\DOTSCASE@=\count96
LaTeX Info: Redefining \ldots on input line 394.
LaTeX Info: Redefining \dots on input line 397.
LaTeX Info: Redefining \cdots on input line 518.
\Mathstrutbox@=\box27
\strutbox@=\box28
\big@size=\dimen106
LaTeX Font Info:    Redeclaring font encoding OML on input line 630.
LaTeX Font Info:    Redeclaring font encoding OMS on input line 631.
\macc@depth=\count97
\c@MaxMatrixCols=\count98
\dotsspace@=\muskip10
\c@parentequation=\count99
\dspbrk@lvl=\count100
\tag@help=\toks18
\row@=\count101
\column@=\count102
\maxfields@=\count103
\andhelp@=\toks19
\eqnshift@=\dimen107
\alignsep@=\dimen108
\tagshift@=\dimen109
\tagwidth@=\dimen110
\totwidth@=\dimen111
\lineht@=\dimen112
\@envbody=\toks20
\multlinegap=\skip44
\multlinetaggap=\skip45
\mathdisplay@stack=\toks21
LaTeX Info: Redefining \[ on input line 2735.
LaTeX Info: Redefining \] on input line 2736.
)
(/usr/share/texlive/texmf-dist/tex/latex/amsfonts/amssymb.sty
Package: amssymb 2013/01/14 v3.01 AMS font symbols

(/usr/share/texlive/texmf-dist/tex/latex/amsfonts/amsfonts.sty
Package: amsfonts 2013/01/14 v3.01 Basic AMSFonts support
\symAMSa=\mathgroup4
\symAMSb=\mathgroup5
LaTeX Font Info:    Overwriting math alphabet `\mathfrak' in version `bold'
(Font)                  U/euf/m/n --> U/euf/b/n on input line 106.
))
(/usr/share/texlive/texmf-dist/tex/latex/base/latexsym.sty
Package: latexsym 1998/08/17 v2.2e Standard LaTeX package (lasy symbols)
\symlasy=\mathgroup6
LaTeX Font Info:    Overwriting symbol font `lasy' in version `bold'
(Font)                  U/lasy/m/n --> U/lasy/b/n on input line 52.
)
(/usr/share/texlive/texmf-dist/tex/latex/mathtools/mathtools.sty
Package: mathtools 2015/11/12 v1.18 mathematical typesetting tools

(/usr/share/texlive/texmf-dist/tex/latex/tools/calc.sty
Package: calc 2014/10/28 v4.3 Infix arithmetic (KKT,FJ)
\calc@Acount=\count104
\calc@Bcount=\count105
\calc@Adimen=\dimen113
\calc@Bdimen=\dimen114
\calc@Askip=\skip46
\calc@Bskip=\skip47
LaTeX Info: Redefining \setlength on input line 80.
LaTeX Info: Redefining \addtolength on input line 81.
\calc@Ccount=\count106
\calc@Cskip=\skip48
)
(/usr/share/texlive/texmf-dist/tex/latex/mathtools/mhsetup.sty
Package: mhsetup 2010/01/21 v1.2a programming setup (MH)
)
LaTeX Info: Thecontrolsequence`\('isalreadyrobust on input line 129.
LaTeX Info: Thecontrolsequence`\)'isalreadyrobust on input line 129.
LaTeX Info: Thecontrolsequence`\['isalreadyrobust on input line 129.
LaTeX Info: Thecontrolsequence`\]'isalreadyrobust on input line 129.
\g_MT_multlinerow_int=\count107
\l_MT_multwidth_dim=\dimen115
\origjot=\skip49
\l_MT_shortvdotswithinadjustabove_dim=\dimen116
\l_MT_shortvdotswithinadjustbelow_dim=\dimen117
\l_MT_above_intertext_sep=\dimen118
\l_MT_below_intertext_sep=\dimen119
\l_MT_above_shortintertext_sep=\dimen120
\l_MT_below_shortintertext_sep=\dimen121
)
No file 5cb77e95c40764e47505c1b5c7e98b1d.aux.
\openout1 = `5cb77e95c40764e47505c1b5c7e98b1d.aux'.

LaTeX Font Info:    Checking defaults for OML/cmm/m/it on input line 10.
LaTeX Font Info:    ... okay on input line 10.
LaTeX Font Info:    Checking defaults for T1/cmr/m/n on input line 10.
LaTeX Font Info:    ... okay on input line 10.
LaTeX Font Info:    Checking defaults for OT1/cmr/m/n on input line 10.
LaTeX Font Info:    ... okay on input line 10.
LaTeX Font Info:    Checking defaults for OMS/cmsy/m/n on input line 10.
LaTeX Font Info:    ... okay on input line 10.
LaTeX Font Info:    Checking defaults for OMX/cmex/m/n on input line 10.
LaTeX Font Info:    ... okay on input line 10.
LaTeX Font Info:    Checking defaults for U/cmr/m/n on input line 10.
LaTeX Font Info:    ... okay on input line 10.
Preview: Fontsize 10pt
Preview: PDFoutput 1
(/usr/share/texlive/texmf-dist/tex/context/base/supp-pdf.mkii
[Loading MPS to PDF converter (version 2006.09.02).]
\scratchcounter=\count108
\scratchdimen=\dimen122
\scratchbox=\box29
\nofMPsegments=\count109
\nofMParguments=\count110
\everyMPshowfont=\toks22
\MPscratchCnt=\count111
\MPscratchDim=\dimen123
\MPnumerator=\count112
\makeMPintoPDFobject=\count113
\everyMPtoPDFconversion=\toks23
) (/usr/share/texlive/texmf-dist/tex/latex/graphics/graphicx.sty
Package: graphicx 2014/10/28 v1.0g Enhanced LaTeX Graphics (DPC,SPQR)

(/usr/share/texlive/texmf-dist/tex/latex/graphics/graphics.sty
Package: graphics 2016/01/03 v1.0q Standard LaTeX Graphics (DPC,SPQR)

(/usr/share/texlive/texmf-dist/tex/latex/graphics/trig.sty
Package: trig 2016/01/03 v1.10 sin cos tan (DPC)
)
(/usr/share/texlive/texmf-dist/tex/latex/latexconfig/graphics.cfg
File: graphics.cfg 2010/04/23 v1.9 graphics configuration of TeX Live
)
Package graphics Info: Driver file: pdftex.def on input line 95.
)
(/usr/share/texlive/texmf-dist/tex/generic/oberdiek/pdftexcmds.sty
Package: pdftexcmds 2011/11/29 v0.20 Utility functions of pdfTeX for LuaTeX (HO
)
Package pdftexcmds Info: LuaTeX not detected.
Package pdftexcmds Info: \pdf@primitive is available.
Package pdftexcmds Info: \pdf@ifprimitive is available.
Package pdftexcmds Info: \pdfdraftmode found.
)
(/usr/share/texlive/texmf-dist/tex/latex/oberdiek/epstopdf-base.sty
Package: epstopdf-base 2010/02/09 v2.5 Base part for package epstopdf

(/usr/share/texlive/texmf-dist/tex/latex/oberdiek/grfext.sty
Package: grfext 2010/08/19 v1.1 Manage graphics extensions (HO)

(/usr/share/texlive/texmf-dist/tex/generic/oberdiek/kvdefinekeys.sty
Package: kvdefinekeys 2011/04/07 v1.3 Define keys (HO)
))
(/usr/share/texlive/texmf-dist/tex/latex/oberdiek/kvoptions.sty
Package: kvoptions 2011/06/30 v3.11 Key value format for package options (HO)

(/usr/share/texlive/texmf-dist/tex/generic/oberdiek/kvsetkeys.sty
Package: kvsetkeys 2012/04/25 v1.16 Key value parser (HO)

(/usr/share/texlive/texmf-dist/tex/generic/oberdiek/etexcmds.sty
Package: etexcmds 2011/02/16 v1.5 Avoid name clashes with e-TeX commands (HO)
Package etexcmds Info: Could not find \expanded.
(etexcmds)             That can mean that you are not using pdfTeX 1.50 or
(etexcmds)             that some package has redefined \expanded.
(etexcmds)             In the latter case, load this package earlier.
)))
Package grfext Info: Graphics extension search list:
(grfext)             [.png,.pdf,.jpg,.mps,.jpeg,.jbig2,.jb2,.PNG,.PDF,.JPG,.JPE
G,.JBIG2,.JB2,.eps]
(grfext)             \AppendGraphicsExtensions on input line 452.

(/usr/share/texlive/texmf-dist/tex/latex/latexconfig/epstopdf-sys.cfg
File: epstopdf-sys.cfg 2010/07/13 v1.3 Configuration of (r)epstopdf for TeX Liv
e
))
\Gin@req@height=\dimen124
\Gin@req@width=\dimen125
)
LaTeX Font Info:    Try loading font information for U+msa on input line 13.

(/usr/share/texlive/texmf-dist/tex/latex/amsfonts/umsa.fd
File: umsa.fd 2013/01/14 v3.01 AMS symbols A
)
LaTeX Font Info:    Try loading font information for U+msb on input line 13.

(/usr/share/texlive/texmf-dist/tex/latex/amsfonts/umsb.fd
File: umsb.fd 2013/01/14 v3.01 AMS symbols B
)
LaTeX Font Info:    Try loading font information for U+lasy on input line 13.

(/usr/share/texlive/texmf-dist/tex/latex/base/ulasy.fd
File: ulasy.fd 1998/08/17 v2.2e LaTeX symbol font definitions
)

LaTeX Warning: Citation `Indiveri_etal06' on page 1 undefined on input line 14.


! Undefined control sequence.
l.14 ...ndiveri_etal06} and implemented on the \ac
                                                  {dynap} \cite{Qiao_etal17?}.
The control sequence at the end of the top line
of your error message was never \def'ed. If you have
misspelled it (e.g., `\hobx'), type `I' and the correct
spelling (e.g., `I\hbox'). Otherwise just continue,
and I'll forget about whatever was undefined.


LaTeX Warning: Citation `Qiao_etal17?' on page 1 undefined on input line 14.

! Undefined control sequence.
l.15 ...plastic synapses follow the well-known \ac
                                                  {dpi} synapse dynamics as ...
The control sequence at the end of the top line
of your error message was never \def'ed. If you have
misspelled it (e.g., `\hobx'), type `I' and the correct
spelling (e.g., `I\hbox'). Otherwise just continue,
and I'll forget about whatever was undefined.


LaTeX Warning: Reference `eq:dpi' on page 1 undefined on input line 15.

! Undefined control sequence.
l.15 ...s as governed by Eq. \ref{eq:dpi}, the \ac
                                                  {stdp}-based synapses have...
The control sequence at the end of the top line
of your error message was never \def'ed. If you have
misspelled it (e.g., `\hobx'), type `I' and the correct
spelling (e.g., `I\hbox'). Otherwise just continue,
and I'll forget about whatever was undefined.


LaTeX Warning: Reference `eq:dpistdp' on page 1 undefined on input line 15.

! Undefined control sequence.
l.16 ...nto the excitatory neurons followed an \ac
                                                  {adp} plasticity rule (see...
The control sequence at the end of the top line
of your error message was never \def'ed. If you have
misspelled it (e.g., `\hobx'), type `I' and the correct
spelling (e.g., `I\hbox'). Otherwise just continue,
and I'll forget about whatever was undefined.


LaTeX Warning: Reference `ch:adp' on page 1 undefined on input line 16.

! Missing $ inserted.
<inserted text> 
                $
l.17 
     
I've inserted a begin-math/end-math symbol since I think
you left one out. Proceed, with fingers crossed.

! Display math should end with $$.
<to be read again> 
                   \par 
l.17 
     
The `$' that I just saw supposedly matches a previous `$$'.
So I shall assume that you typed `$$' both times.


Overfull \hbox (1892.97852pt too wide) detected at line 17
\OML/cmm/m/it/10 Theseequationdescribethecurrent \OMS/cmsy/m/n/10 ^^@ \OML/cmm/
m/it/10 basedneuronmodelasfirstpresentedin\OT1/cmr/m/n/10 [[]]\OML/cmm/m/it/10 
andimplementedonthe[]\OT1/cmr/m/n/10 [[]]\OML/cmm/m/it/10 :Whilethenon \OMS/cms
y/m/n/10 ^^@ \OML/cmm/m/it/10 plasticsynapsesfollowthewell \OMS/cmsy/m/n/10 ^^@
 \OML/cmm/m/it/10 known[]synapsedynamicsasgovernedbyEq:[]; the[] \OMS/cmsy/m/n/
10 ^^@ \OML/cmm/m/it/10 basedsynapseshavetwoadditionaltermstomodeltheweightupda
tebasedontherelativetimingofthepre \OMS/cmsy/m/n/10 ^^@ \OML/cmm/m/it/10 andpos
t \OMS/cmsy/m/n/10 ^^@ \OML/cmm/m/it/10 synapticneuron\OT1/cmr/m/n/10 (\OML/cmm
/m/it/10 seeEq:[]\OT1/cmr/m/n/10 )\OML/cmm/m/it/10 :Furthermore; synapseswhichp
rojectfromthepoolofinhibitoryinterneuronsintotheexcitatoryneuronsfollowedan[]pl
asticityrule\OT1/cmr/m/n/10 (\OML/cmm/m/it/10 seeCh:[]formoredetails\OT1/cmr/m/
n/10 )\OML/cmm/m/it/10 :
 []

LaTeX Font Info:    Try loading font information for OMS+cmr on input line 29.
(/usr/share/texlive/texmf-dist/tex/latex/base/omscmr.fd
File: omscmr.fd 2014/09/29 v2.5h Standard LaTeX font definitions
)
LaTeX Font Info:    Font shape `OMS/cmr/m/n' in size <10> not available
(Font)              Font shape `OMS/cmsy/m/n' tried instead on input line 29.

! Missing \endcsname inserted.
<to be read again> 
                   \def 
l.39 \end{equation}}
                    
The control sequence marked <to be read again> should
not appear between \csname and \endcsname.

! Missing \endcsname inserted.
<to be read again> 
                   \def 
l.39 \end{equation}}
                    
The control sequence marked <to be read again> should
not appear between \csname and \endcsname.

! Extra \endcsname.
\reserved@a ...u }}} dt \end {equation}\endcsname 
                                                  
l.39 \end{equation}}
                    
I'm ignoring this, since I wasn't doing a \csname.

(./5cb77e95c40764e47505c1b5c7e98b1d.aux)

LaTeX Warning: There were undefined references.

! You can't use `\end' in internal vertical mode.
\enddocument ... \endgroup \deadcycles \z@ \@@end 
                                                  
l.63 \end{document}
                   
Sorry, but I'm not programmed to handle this case;
I'll just pretend that you didn't ask for it.
If you're in the wrong mode, you might be able to
return to the right one by typing `I}' or `I$' or `I\par'.

Preview: Tightpage -19661 -19661 19661 19661
[1{/var/lib/texmf/fonts/map/pdftex/updmap/pdftex.map}
\@writefile{toc}{\contentsline {subsection}{\numberline {0.1}The canonical buil
ding block}{1}}
\@writefile{toc}{\contentsline {subsection}{\numberline {0.2}Intra-module conne
ctivity}{1}}
\@writefile{toc}{\contentsline {subsection}{\numberline {0.3}Activity Dependent
 Plasticity}{1}}
\newlabel{ch:adp}{{0.3}{1}}
\@writefile{toc}{\contentsline {subsection}{\numberline {0.4}Spike Time Depende
nt Gain Modulation}{1}}
\@writefile{toc}{\contentsline {subsection}{\numberline {0.5}Additional homoeos
tatic mechanism for learning}{1}}
\@writefile{toc}{\contentsline {subsubsection}{\numberline {0.5.1}Weight initia
lization}{1}}
\@writefile{toc}{\contentsline {subsubsection}{\numberline {0.5.2}Weight regula
rization}{1}}
\@writefile{toc}{\contentsline {section}{\numberline {1}Results}{1}}
\@writefile{toc}{\contentsline {subsection}{\numberline {1.1}Spatio-temporal re
ceptive fields}{1}}
\@writefile{toc}{\contentsline {subsection}{\numberline {1.2}Temporal expectati
on in recurrent weight matrix}{1}}
\@writefile{toc}{\contentsline {subsection}{\numberline {1.3}Effect of inhibiti
on}{1}}
\@writefile{toc}{\contentsline {subsection}{\numberline {1.4}Synaptic temporal 
prediction}{1}}
\@writefile{toc}{\contentsline {subsection}{\numberline {1.5}Spike-time depende
nt gain plasticity}{1}}
\@writefile{toc}{\contentsline {section}{\numberline {2}Discussion}{1}}
\@writefile{toc}{\contentsline {subsection}{\numberline {2.1}State-of-the-art e
vent-based learning}{1}}
\@writefile{toc}{\contentsline {subsection}{\numberline {2.2}Stability}{1}}
\@writefile{toc}{\contentsline {subsection}{\numberline {2.3}Limitations}{1}}
\@writefile{toc}{\contentsline {subsection}{\numberline {2.4}Remarks for hardwa
re}{1}}
\@writefile{toc}{\contentsline {subsection}{\numberline {2.5}Conclusio n}{1}}

])
! Emergency stop.
<*> 5cb77e95c40764e47505c1b5c7e98b1d.tex
                                        
*** (job aborted, no legal \end found)

 
Here is how much of TeX's memory you used:
 3952 strings out of 494910
 55846 string characters out of 6179835
 121622 words of memory out of 5000000
 7171 multiletter control sequences out of 15000+600000
 7794 words of font info for 32 fonts, out of 8000000 for 9000
 36 hyphenation exceptions out of 8191
 51i,4n,56p,342b,217s stack positions out of 5000i,500n,10000p,200000b,80000s
!  ==> Fatal error occurred, no output PDF file produced!

-----END LOG-----